Added Component: Designator=BAT(CON2)
Added Component: Designator=C1(CAP 0805)
Add component (AddParameter): Name = "Criado em"; Value = "26/06/2012"; VariantName = "[No Variations]"
Add component (AddParameter): Name = "Criador por"; Value = "Luigi Eduardo"; VariantName = "[No Variations]"
Add component (AddParameter): Name = "Pertence a"; Value = "Trincabotz"; VariantName = "[No Variations]"
Add component (AddParameter): Name = "Valor"; Value = "10nF"; VariantName = "[No Variations]"
Added Component: Designator=C2(CAP 0805)
Add component (AddParameter): Name = "Criado em"; Value = "26/06/2012"; VariantName = "[No Variations]"
Add component (AddParameter): Name = "Criador por"; Value = "Luigi Eduardo"; VariantName = "[No Variations]"
Add component (AddParameter): Name = "Pertence a"; Value = "Trincabotz"; VariantName = "[No Variations]"
Add component (AddParameter): Name = "Valor"; Value = "10nF"; VariantName = "[No Variations]"
Added Component: Designator=D1(LED 0805)
Added Component: Designator=D2(LED 0805)
Added Component: Designator=J1(SAMTEC_SS-108-T-2)
Add component (AddParameter): Name = "Availability"; Value = "Bad"; VariantName = "[No Variations]"
Add component (AddParameter): Name = "Check_prices"; Value = "SLA"; VariantName = "[No Variations]"
Add component (AddParameter): Name = "MF"; Value = "Samtec"; VariantName = "[No Variations]"
Add component (AddParameter): Name = "MP"; Value = "SS-108-T-2"; VariantName = "[No Variations]"
Add component (AddParameter): Name = "Package"; Value = "None"; VariantName = "[No Variations]"
Add component (AddParameter): Name = "Price"; Value = "None"; VariantName = "[No Variations]"
Add component (AddParameter): Name = "SnapEDA_Link"; Value = "https://www.snapeda.com/parts/SS-108-T-2/Samtec/view-part/3323909/?ref=snap"; VariantName = "[No Variations]"
Add component (AddParameter): Name = "Value"; Value = ""; VariantName = "[No Variations]"
Added Component: Designator=J2(SAMTEC_SS-108-T-2)
Add component (AddParameter): Name = "Availability"; Value = "Bad"; VariantName = "[No Variations]"
Add component (AddParameter): Name = "Check_prices"; Value = "SLA"; VariantName = "[No Variations]"
Add component (AddParameter): Name = "MF"; Value = "Samtec"; VariantName = "[No Variations]"
Add component (AddParameter): Name = "MP"; Value = "SS-108-T-2"; VariantName = "[No Variations]"
Add component (AddParameter): Name = "Package"; Value = "None"; VariantName = "[No Variations]"
Add component (AddParameter): Name = "Price"; Value = "None"; VariantName = "[No Variations]"
Add component (AddParameter): Name = "SnapEDA_Link"; Value = "https://www.snapeda.com/parts/SS-108-T-2/Samtec/view-part/3323909/?ref=snap"; VariantName = "[No Variations]"
Add component (AddParameter): Name = "Value"; Value = ""; VariantName = "[No Variations]"
Added Component: Designator=M1(CON2)
Added Component: Designator=M2(CON2)
Added Component: Designator=M3(CON2)
Added Component: Designator=M4(CON2)
Added Component: Designator=MicroControler(ESP32-CAM)
Add component (AddParameter): Name = "Check_prices"; Value = "https://www.snapeda.com/parts/ESP32-CAM/AI-Thinker/view-part/?ref=eda"; VariantName = "[No Variations]"
Add component (AddParameter): Name = "MF"; Value = "AI-Thinker"; VariantName = "[No Variations]"
Add component (AddParameter): Name = "MP"; Value = "ESP32-CAM"; VariantName = "[No Variations]"
Add component (AddParameter): Name = "Package"; Value = "None"; VariantName = "[No Variations]"
Add component (AddParameter): Name = "SnapEDA_Link"; Value = "https://www.snapeda.com/parts/ESP32-CAM/AI-Thinker/view-part/?ref=snap"; VariantName = "[No Variations]"
Add component (AddParameter): Name = "Value"; Value = ""; VariantName = "[No Variations]"
Added Component: Designator=MPU_6050(CON4)
Added Component: Designator=Q1(SOT95P240X115-3N)
Add component (AddParameter): Name = "Check_prices"; Value = "https://www.snapeda.com/parts/BSS84%20RFG/Taiwan+Semiconductor/view-part/?ref=eda"; VariantName = "[No Variations]"
Add component (AddParameter): Name = "MF"; Value = "Taiwan Semiconductor"; VariantName = "[No Variations]"
Add component (AddParameter): Name = "MP"; Value = "BSS84 RFG"; VariantName = "[No Variations]"
Add component (AddParameter): Name = "Package"; Value = "SOT-23-3 Taiwan Semiconductor"; VariantName = "[No Variations]"
Add component (AddParameter): Name = "SnapEDA_Link"; Value = "https://www.snapeda.com/parts/BSS84%20RFG/Taiwan+Semiconductor/view-part/?ref=snap"; VariantName = "[No Variations]"
Add component (AddParameter): Name = "Value"; Value = ""; VariantName = "[No Variations]"
Added Component: Designator=Q2(SOT95P240X115-3N)
Add component (AddParameter): Name = "Check_prices"; Value = "https://www.snapeda.com/parts/BSS84%20RFG/Taiwan+Semiconductor/view-part/?ref=eda"; VariantName = "[No Variations]"
Add component (AddParameter): Name = "MF"; Value = "Taiwan Semiconductor"; VariantName = "[No Variations]"
Add component (AddParameter): Name = "MP"; Value = "BSS84 RFG"; VariantName = "[No Variations]"
Add component (AddParameter): Name = "Package"; Value = "SOT-23-3 Taiwan Semiconductor"; VariantName = "[No Variations]"
Add component (AddParameter): Name = "SnapEDA_Link"; Value = "https://www.snapeda.com/parts/BSS84%20RFG/Taiwan+Semiconductor/view-part/?ref=snap"; VariantName = "[No Variations]"
Add component (AddParameter): Name = "Value"; Value = ""; VariantName = "[No Variations]"
Added Component: Designator=Q3(SOT95P240X115-3N)
Add component (AddParameter): Name = "Check_prices"; Value = "https://www.snapeda.com/parts/BSS84%20RFG/Taiwan+Semiconductor/view-part/?ref=eda"; VariantName = "[No Variations]"
Add component (AddParameter): Name = "MF"; Value = "Taiwan Semiconductor"; VariantName = "[No Variations]"
Add component (AddParameter): Name = "MP"; Value = "BSS84 RFG"; VariantName = "[No Variations]"
Add component (AddParameter): Name = "Package"; Value = "SOT-23-3 Taiwan Semiconductor"; VariantName = "[No Variations]"
Add component (AddParameter): Name = "SnapEDA_Link"; Value = "https://www.snapeda.com/parts/BSS84%20RFG/Taiwan+Semiconductor/view-part/?ref=snap"; VariantName = "[No Variations]"
Add component (AddParameter): Name = "Value"; Value = ""; VariantName = "[No Variations]"
Added Component: Designator=Q4(SOT95P240X115-3N)
Add component (AddParameter): Name = "Check_prices"; Value = "https://www.snapeda.com/parts/BSS84%20RFG/Taiwan+Semiconductor/view-part/?ref=eda"; VariantName = "[No Variations]"
Add component (AddParameter): Name = "MF"; Value = "Taiwan Semiconductor"; VariantName = "[No Variations]"
Add component (AddParameter): Name = "MP"; Value = "BSS84 RFG"; VariantName = "[No Variations]"
Add component (AddParameter): Name = "Package"; Value = "SOT-23-3 Taiwan Semiconductor"; VariantName = "[No Variations]"
Add component (AddParameter): Name = "SnapEDA_Link"; Value = "https://www.snapeda.com/parts/BSS84%20RFG/Taiwan+Semiconductor/view-part/?ref=snap"; VariantName = "[No Variations]"
Add component (AddParameter): Name = "Value"; Value = ""; VariantName = "[No Variations]"
Added Component: Designator=R1(RES 0805)
Add component (AddParameter): Name = "Value"; Value = "10k"; VariantName = "[No Variations]"
Added Component: Designator=R2(RES 0805)
Add component (AddParameter): Name = "Value"; Value = "10k"; VariantName = "[No Variations]"
Added Component: Designator=R3(RES 0805)
Add component (AddParameter): Name = "Value"; Value = "10k"; VariantName = "[No Variations]"
Added Component: Designator=R4(RES 0805)
Add component (AddParameter): Name = "Value"; Value = "10k"; VariantName = "[No Variations]"
Added Component: Designator=RB1(RESAD700W45L350D185)
Add component (AddParameter): Name = "Check_prices"; Value = "https://www.snapeda.com/parts/3-1623927-1/TE+Connectivity/view-part/?ref=eda"; VariantName = "[No Variations]"
Add component (AddParameter): Name = "MF"; Value = "TE Connectivity"; VariantName = "[No Variations]"
Add component (AddParameter): Name = "MP"; Value = "3-1623927-1"; VariantName = "[No Variations]"
Add component (AddParameter): Name = "Package"; Value = "None"; VariantName = "[No Variations]"
Add component (AddParameter): Name = "SnapEDA_Link"; Value = "https://www.snapeda.com/parts/3-1623927-1/TE+Connectivity/view-part/?ref=snap"; VariantName = "[No Variations]"
Add component (AddParameter): Name = "Value"; Value = ""; VariantName = "[No Variations]"
Added Component: Designator=RB2(RESAD700W45L350D185)
Add component (AddParameter): Name = "Check_prices"; Value = "https://www.snapeda.com/parts/3-1623927-1/TE+Connectivity/view-part/?ref=eda"; VariantName = "[No Variations]"
Add component (AddParameter): Name = "MF"; Value = "TE Connectivity"; VariantName = "[No Variations]"
Add component (AddParameter): Name = "MP"; Value = "3-1623927-1"; VariantName = "[No Variations]"
Add component (AddParameter): Name = "Package"; Value = "None"; VariantName = "[No Variations]"
Add component (AddParameter): Name = "SnapEDA_Link"; Value = "https://www.snapeda.com/parts/3-1623927-1/TE+Connectivity/view-part/?ref=snap"; VariantName = "[No Variations]"
Add component (AddParameter): Name = "Value"; Value = ""; VariantName = "[No Variations]"
Added Component: Designator=RB3(RESAD700W45L350D185)
Add component (AddParameter): Name = "Check_prices"; Value = "https://www.snapeda.com/parts/3-1623927-1/TE+Connectivity/view-part/?ref=eda"; VariantName = "[No Variations]"
Add component (AddParameter): Name = "MF"; Value = "TE Connectivity"; VariantName = "[No Variations]"
Add component (AddParameter): Name = "MP"; Value = "3-1623927-1"; VariantName = "[No Variations]"
Add component (AddParameter): Name = "Package"; Value = "None"; VariantName = "[No Variations]"
Add component (AddParameter): Name = "SnapEDA_Link"; Value = "https://www.snapeda.com/parts/3-1623927-1/TE+Connectivity/view-part/?ref=snap"; VariantName = "[No Variations]"
Add component (AddParameter): Name = "Value"; Value = ""; VariantName = "[No Variations]"
Added Component: Designator=RBTN(RES 0805)
Add component (AddParameter): Name = "Value"; Value = "330"; VariantName = "[No Variations]"
Added Component: Designator=REG_TENSAO(VREG_TLV1117LV33DCYR)
Add component (AddParameter): Name = "Check_prices"; Value = "https://www.snapeda.com/parts/TLV1117LV33DCYR/Texas+Instruments/view-part/?ref=eda"; VariantName = "[No Variations]"
Add component (AddParameter): Name = "MF"; Value = "Texas Instruments"; VariantName = "[No Variations]"
Add component (AddParameter): Name = "MP"; Value = "TLV1117LV33DCYR"; VariantName = "[No Variations]"
Add component (AddParameter): Name = "Package"; Value = "SOT-223-4 Texas Instruments"; VariantName = "[No Variations]"
Add component (AddParameter): Name = "SnapEDA_Link"; Value = "https://www.snapeda.com/parts/TLV1117LV33DCYR/Texas+Instruments/view-part/?ref=snap"; VariantName = "[No Variations]"
Add component (AddParameter): Name = "Value"; Value = ""; VariantName = "[No Variations]"
Added Component: Designator=RL1(RES 0805)
Add component (AddParameter): Name = "Value"; Value = "100"; VariantName = "[No Variations]"
Added Component: Designator=RL2(RES 0805)
Add component (AddParameter): Name = "Value"; Value = "100"; VariantName = "[No Variations]"
Added Component: Designator=SW1(SW_1825910-6-4)
Add component (AddParameter): Name = "Check_prices"; Value = "https://www.snapeda.com/parts/1825910-6/TE+Connectivity+ALCOSWITCH+Switches/view-part/?ref=eda"; VariantName = "[No Variations]"
Add component (AddParameter): Name = "Digi-Key_Part_Number"; Value = "450-1650-ND"; VariantName = "[No Variations]"
Add component (AddParameter): Name = "MF"; Value = "TE Connectivity"; VariantName = "[No Variations]"
Add component (AddParameter): Name = "MP"; Value = "1825910-6"; VariantName = "[No Variations]"
Add component (AddParameter): Name = "Package"; Value = "None"; VariantName = "[No Variations]"
Add component (AddParameter): Name = "Purchase-URL"; Value = "https://pricing.snapeda.com/search/part/1825910-6/?ref=eda"; VariantName = "[No Variations]"
Add component (AddParameter): Name = "SnapEDA_Link"; Value = "https://www.snapeda.com/parts/1825910-6/TE+Connectivity+ALCOSWITCH+Switches/view-part/?ref=snap"; VariantName = "[No Variations]"
Add component (AddParameter): Name = "Value"; Value = ""; VariantName = "[No Variations]"
Added Pin To Net: NetName=3.3V Pin=C2-2
Added Pin To Net: NetName=3.3V Pin=J1-01
Added Pin To Net: NetName=3.3V Pin=MicroControler-P$8
Added Pin To Net: NetName=3.3V Pin=MPU_6050-1
Added Pin To Net: NetName=3.3V Pin=RBTN-1
Added Pin To Net: NetName=3.3V Pin=REG_TENSAO-4
Added Net: Name=3.3V
Added Pin To Net: NetName=BTN Pin=J1-03
Added Pin To Net: NetName=BTN Pin=MicroControler-P$6
Added Pin To Net: NetName=BTN Pin=SW1-3
Added Net: Name=BTN
Added Pin To Net: NetName=CTRLM1 Pin=J2-01
Added Pin To Net: NetName=CTRLM1 Pin=MicroControler-P$16
Added Pin To Net: NetName=CTRLM1 Pin=Q1-1
Added Pin To Net: NetName=CTRLM1 Pin=R1-2
Added Net: Name=CTRLM1
Added Pin To Net: NetName=CTRLM2 Pin=J2-02
Added Pin To Net: NetName=CTRLM2 Pin=MicroControler-P$15
Added Pin To Net: NetName=CTRLM2 Pin=Q2-1
Added Pin To Net: NetName=CTRLM2 Pin=R2-2
Added Net: Name=CTRLM2
Added Pin To Net: NetName=CTRLM3 Pin=J2-05
Added Pin To Net: NetName=CTRLM3 Pin=MicroControler-P$12
Added Pin To Net: NetName=CTRLM3 Pin=Q3-1
Added Pin To Net: NetName=CTRLM3 Pin=R3-2
Added Net: Name=CTRLM3
Added Pin To Net: NetName=CTRLM4 Pin=J2-06
Added Pin To Net: NetName=CTRLM4 Pin=MicroControler-P$11
Added Pin To Net: NetName=CTRLM4 Pin=Q4-1
Added Pin To Net: NetName=CTRLM4 Pin=R4-2
Added Net: Name=CTRLM4
Added Pin To Net: NetName=GND Pin=BAT-2
Added Pin To Net: NetName=GND Pin=C1-1
Added Pin To Net: NetName=GND Pin=C2-1
Added Pin To Net: NetName=GND Pin=D1-2
Added Pin To Net: NetName=GND Pin=D2-2
Added Pin To Net: NetName=GND Pin=MPU_6050-2
Added Pin To Net: NetName=GND Pin=Q1-3
Added Pin To Net: NetName=GND Pin=Q2-3
Added Pin To Net: NetName=GND Pin=Q3-3
Added Pin To Net: NetName=GND Pin=Q4-3
Added Pin To Net: NetName=GND Pin=R1-1
Added Pin To Net: NetName=GND Pin=R2-1
Added Pin To Net: NetName=GND Pin=R3-1
Added Pin To Net: NetName=GND Pin=R4-1
Added Pin To Net: NetName=GND Pin=RB3-1
Added Pin To Net: NetName=GND Pin=REG_TENSAO-1
Added Pin To Net: NetName=GND Pin=SW1-2
Added Net: Name=GND
Added Pin To Net: NetName=LEDDBG1 Pin=J1-07
Added Pin To Net: NetName=LEDDBG1 Pin=MicroControler-P$2
Added Pin To Net: NetName=LEDDBG1 Pin=RL1-1
Added Net: Name=LEDDBG1
Added Pin To Net: NetName=LEDDBG2 Pin=J1-06
Added Pin To Net: NetName=LEDDBG2 Pin=MicroControler-P$3
Added Pin To Net: NetName=LEDDBG2 Pin=RL2-1
Added Net: Name=LEDDBG2
Added Pin To Net: NetName=MBAT Pin=J1-02
Added Pin To Net: NetName=MBAT Pin=MicroControler-P$7
Added Pin To Net: NetName=MBAT Pin=RB2-2
Added Pin To Net: NetName=MBAT Pin=RB3-2
Added Net: Name=MBAT
Added Pin To Net: NetName=NetD1_1 Pin=D1-1
Added Pin To Net: NetName=NetD1_1 Pin=RL1-2
Added Net: Name=NetD1_1
Added Pin To Net: NetName=NetD2_1 Pin=D2-1
Added Pin To Net: NetName=NetD2_1 Pin=RL2-2
Added Net: Name=NetD2_1
Added Pin To Net: NetName=NetJ1_04 Pin=J1-04
Added Pin To Net: NetName=NetJ1_04 Pin=MicroControler-P$5
Added Net: Name=NetJ1_04
Added Pin To Net: NetName=NetJ1_05 Pin=J1-05
Added Pin To Net: NetName=NetJ1_05 Pin=MicroControler-P$4
Added Net: Name=NetJ1_05
Added Pin To Net: NetName=NetJ2_07 Pin=J2-07
Added Pin To Net: NetName=NetJ2_07 Pin=MicroControler-P$10
Added Net: Name=NetJ2_07
Added Pin To Net: NetName=NetJ2_08 Pin=J2-08
Added Pin To Net: NetName=NetJ2_08 Pin=MicroControler-P$9
Added Net: Name=NetJ2_08
Added Pin To Net: NetName=NetM1_1 Pin=M1-1
Added Pin To Net: NetName=NetM1_1 Pin=Q1-2
Added Net: Name=NetM1_1
Added Pin To Net: NetName=NetM2_1 Pin=M2-1
Added Pin To Net: NetName=NetM2_1 Pin=Q2-2
Added Net: Name=NetM2_1
Added Pin To Net: NetName=NetM3_1 Pin=M3-1
Added Pin To Net: NetName=NetM3_1 Pin=Q3-2
Added Net: Name=NetM3_1
Added Pin To Net: NetName=NetM4_1 Pin=M4-1
Added Pin To Net: NetName=NetM4_1 Pin=Q4-2
Added Net: Name=NetM4_1
Added Pin To Net: NetName=NetRB1_1 Pin=RB1-1
Added Pin To Net: NetName=NetRB1_1 Pin=RB2-1
Added Net: Name=NetRB1_1
Added Pin To Net: NetName=NetRBTN_2 Pin=RBTN-2
Added Pin To Net: NetName=NetRBTN_2 Pin=SW1-1
Added Net: Name=NetRBTN_2
Added Pin To Net: NetName=SCL Pin=J2-04
Added Pin To Net: NetName=SCL Pin=MicroControler-P$13
Added Pin To Net: NetName=SCL Pin=MPU_6050-3
Added Net: Name=SCL
Added Pin To Net: NetName=SDA Pin=J2-03
Added Pin To Net: NetName=SDA Pin=MicroControler-P$14
Added Pin To Net: NetName=SDA Pin=MPU_6050-4
Added Net: Name=SDA
Added Pin To Net: NetName=VBAT Pin=BAT-1
Added Pin To Net: NetName=VBAT Pin=C1-2
Added Pin To Net: NetName=VBAT Pin=M1-2
Added Pin To Net: NetName=VBAT Pin=M2-2
Added Pin To Net: NetName=VBAT Pin=M3-2
Added Pin To Net: NetName=VBAT Pin=M4-2
Added Pin To Net: NetName=VBAT Pin=RB1-2
Added Pin To Net: NetName=VBAT Pin=REG_TENSAO-3
Added Net: Name=VBAT
Added Class: Name=Esquematico
Added Rule: Name=Schematic Supply Nets
